<?xml version="1.0" encoding="UTF-8"?>
<!-- Generated by org.testng.reporters.JUnitXMLReporter -->
<testsuite hostname="Gagan" ignored="2" name="TestCases" tests="6" failures="0" timestamp="20 Dec 2020 10:51:58 GMT" time="51.253" errors="0">
  <testcase name="user_gets_the_title_of_the_page" time="0.009" classname="com.qa.testcases.Test_01_Login"/>
  <testcase name="page_title_should_be" time="0.002" classname="com.qa.testcases.Test_01_Login"/>
  <testcase name="forgot_your_password_link_should_be_displayed" time="0.177" classname="com.qa.testcases.Test_01_Login"/>
  <testcase name="user_enters_username" time="0.084" classname="com.qa.testcases.Test_01_Login"/>
  <testcase name="user_enters_password" time="0.066" classname="com.qa.testcases.Test_01_Login"/>
  <testcase name="user_clicks_on_login_button" time="5.109" classname="com.qa.testcases.Test_01_Login"/>
  <testcase name="@BeforeTest setUp" time="0.0" classname="com.qa.testcases.BaseTest">
    <ignored/>
  </testcase> <!-- @BeforeTest setUp -->
  <testcase name="@AfterTest quitBrowser" time="0.0" classname="com.qa.testcases.BaseTest">
    <ignored/>
  </testcase> <!-- @AfterTest quitBrowser -->
</testsuite> <!-- TestCases -->
